Braille_learning/app/build/outputs/logs/manifest-merger-debug-report.txt
-- Merging decision tree log ---
manifest
ADDED from src\main\AndroidManifest.xml:2:1-192:12
	package
		ADDED from src\main\AndroidManifest.xml:3:5-39
		INJECTED from src\main\AndroidManifest.xml
		INJECTED from src\main\AndroidManifest.xml
	android:versionName
		INJECTED from src\main\AndroidManifest.xml
		INJECTED from src\main\AndroidManifest.xml
	xmlns:android
		ADDED from src\main\AndroidManifest.xml:2:11-69
	android:versionCode
		INJECTED from src\main\AndroidManifest.xml
		INJECTED from src\main\AndroidManifest.xml
uses-permission#android.permission.INTERNET
ADDED from src\main\AndroidManifest.xml:5:5-66
	android:name
		ADDED from src\main\AndroidManifest.xml:5:22-64
uses-permission#android.permission.VIBRATE
ADDED from src\main\AndroidManifest.xml:6:5-66
	android:name
		ADDED from src\main\AndroidManifest.xml:6:22-63
uses-permission#android.permission.RECORD_AUDIO
ADDED from src\main\AndroidManifest.xml:7:5-71
	android:name
		ADDED from src\main\AndroidManifest.xml:7:22-68
application
ADDED from src\main\AndroidManifest.xml:10:5-190:19
MERGED from [com.android.support:appcompat-v7:24.0.0-alpha1] AndroidManifest.xml:25:5-20
MERGED from [com.android.support:support-vector-drawable:24.0.0-alpha1] AndroidManifest.xml:23:5-20
MERGED from [com.android.support:support-v4:24.0.0-alpha1] AndroidManifest.xml:22:5-20
MERGED from [com.android.support:animated-vector-drawable:24.0.0-alpha1] AndroidManifest.xml:22:5-20
	android:label
		ADDED from src\main\AndroidManifest.xml:13:9-41
	android:supportsRtl
		ADDED from src\main\AndroidManifest.xml:14:9-35
	android:allowBackup
		ADDED from src\main\AndroidManifest.xml:11:9-35
	android:icon
		ADDED from src\main\AndroidManifest.xml:12:9-43
	android:theme
		ADDED from src\main\AndroidManifest.xml:15:9-40
activity#com.example.yeo.practice.MainActivity
ADDED from src\main\AndroidManifest.xml:16:9-22:20
	android:name
		ADDED from src\main\AndroidManifest.xml:16:19-47
intent-filter#android.intent.action.MAIN+android.intent.category.LAUNCHER
ADDED from src\main\AndroidManifest.xml:17:13-21:29
action#android.intent.action.MAIN
ADDED from src\main\AndroidManifest.xml:18:17-69
	android:name
		ADDED from src\main\AndroidManifest.xml:18:25-66
category#android.intent.category.LAUNCHER
ADDED from src\main\AndroidManifest.xml:20:17-77
	android:name
		ADDED from src\main\AndroidManifest.xml:20:27-74
service#com.example.yeo.practice.basic_practice.Final_service
ADDED from src\main\AndroidManifest.xml:24:9-27:39
	android:enabled
		ADDED from src\main\AndroidManifest.xml:26:13-35
	android:exported
		ADDED from src\main\AndroidManifest.xml:27:13-36
	android:name
		ADDED from src\main\AndroidManifest.xml:25:13-57
service#com.example.yeo.practice.basic_practice.Initial_service
ADDED from src\main\AndroidManifest.xml:28:9-31:39
	android:enabled
		ADDED from src\main\AndroidManifest.xml:30:13-35
	android:exported
		ADDED from src\main\AndroidManifest.xml:31:13-36
	android:name
		ADDED from src\main\AndroidManifest.xml:29:13-59
activity#com.example.yeo.practice.menu.Menu_alphabet
ADDED from src\main\AndroidManifest.xml:33:9-56
	android:name
		ADDED from src\main\AndroidManifest.xml:33:19-53
activity#com.example.yeo.practice.menu.Menu_Final_consonant
ADDED from src\main\AndroidManifest.xml:34:9-63
	android:name
		ADDED from src\main\AndroidManifest.xml:34:19-60
activity#com.example.yeo.practice.menu.Menu_Initial_Consonant
ADDED from src\main\AndroidManifest.xml:35:9-65
	android:name
		ADDED from src\main\AndroidManifest.xml:35:19-62
activity#com.example.yeo.practice.menu.Menu_number
ADDED from src\main\AndroidManifest.xml:36:9-54
	android:name
		ADDED from src\main\AndroidManifest.xml:36:19-51
activity#com.example.yeo.practice.menu.Menu_Sentence_marks
ADDED from src\main\AndroidManifest.xml:37:9-62
	android:name
		ADDED from src\main\AndroidManifest.xml:37:19-59
service#com.example.yeo.practice.menu.Menu_service
ADDED from src\main\AndroidManifest.xml:39:9-42:39
	android:enabled
		ADDED from src\main\AndroidManifest.xml:41:13-35
	android:exported
		ADDED from src\main\AndroidManifest.xml:42:13-36
	android:name
		ADDED from src\main\AndroidManifest.xml:40:13-46
activity#com.example.yeo.practice.menu.Menu_Tutorial
ADDED from src\main\AndroidManifest.xml:44:9-56
	android:name
		ADDED from src\main\AndroidManifest.xml:44:19-53
activity#com.example.yeo.practice.menu.Menu_Vowel
ADDED from src\main\AndroidManifest.xml:45:9-53
	android:name
		ADDED from src\main\AndroidManifest.xml:45:19-50
service#com.example.yeo.practice.basic_practice.Num_service
ADDED from src\main\AndroidManifest.xml:47:9-50:39
	android:enabled
		ADDED from src\main\AndroidManifest.xml:49:13-35
	android:exported
		ADDED from src\main\AndroidManifest.xml:50:13-36
	android:name
		ADDED from src\main\AndroidManifest.xml:48:13-55
service#com.example.yeo.practice.sound.Number
ADDED from src\main\AndroidManifest.xml:51:9-54:39
	android:enabled
		ADDED from src\main\AndroidManifest.xml:53:13-35
	android:exported
		ADDED from src\main\AndroidManifest.xml:54:13-36
	android:name
		ADDED from src\main\AndroidManifest.xml:52:13-41
service#com.example.yeo.practice.basic_practice.Sentence_service
ADDED from src\main\AndroidManifest.xml:55:9-58:39
	android:enabled
		ADDED from src\main\AndroidManifest.xml:57:13-35
	android:exported
		ADDED from src\main\AndroidManifest.xml:58:13-36
	android:name
		ADDED from src\main\AndroidManifest.xml:56:13-60
service#com.example.yeo.practice.sound.slied
ADDED from src\main\AndroidManifest.xml:59:9-62:39
	android:enabled
		ADDED from src\main\AndroidManifest.xml:61:13-35
	android:exported
		ADDED from src\main\AndroidManifest.xml:62:13-36
	android:name
		ADDED from src\main\AndroidManifest.xml:60:13-40
service#com.example.yeo.practice.basic_practice.Vowel_service
ADDED from src\main\AndroidManifest.xml:63:9-66:39
	android:enabled
		ADDED from src\main\AndroidManifest.xml:65:13-35
	android:exported
		ADDED from src\main\AndroidManifest.xml:66:13-36
	android:name
		ADDED from src\main\AndroidManifest.xml:64:13-57
activity#com.example.yeo.practice.Display_Practice.Braille_short_practice
ADDED from src\main\AndroidManifest.xml:68:9-77
	android:name
		ADDED from src\main\AndroidManifest.xml:68:19-74
service#com.example.yeo.practice.basic_practice.alphabet_service
ADDED from src\main\AndroidManifest.xml:70:9-73:39
	android:enabled
		ADDED from src\main\AndroidManifest.xml:72:13-35
	android:exported
		ADDED from src\main\AndroidManifest.xml:73:13-36
	android:name
		ADDED from src\main\AndroidManifest.xml:71:13-60
activity#com.example.yeo.practice.menu.Menu_basic_practice
ADDED from src\main\AndroidManifest.xml:75:9-62
	android:name
		ADDED from src\main\AndroidManifest.xml:75:19-59
activity#com.example.yeo.practice.menu.Menu_master_practice
ADDED from src\main\AndroidManifest.xml:76:9-63
	android:name
		ADDED from src\main\AndroidManifest.xml:76:19-60
activity#com.example.yeo.practice.menu.Menu_quiz
ADDED from src\main\AndroidManifest.xml:77:9-52
	android:name
		ADDED from src\main\AndroidManifest.xml:77:19-49
service#com.example.yeo.practice.menu.Menu_main_service
ADDED from src\main\AndroidManifest.xml:79:9-82:39
	android:enabled
		ADDED from src\main\AndroidManifest.xml:81:13-35
	android:exported
		ADDED from src\main\AndroidManifest.xml:82:13-36
	android:name
		ADDED from src\main\AndroidManifest.xml:80:13-51
service#com.example.yeo.practice.basic_practice.abbreviation_service
ADDED from src\main\AndroidManifest.xml:83:9-86:39
	android:enabled
		ADDED from src\main\AndroidManifest.xml:85:13-35
	android:exported
		ADDED from src\main\AndroidManifest.xml:86:13-36
	android:name
		ADDED from src\main\AndroidManifest.xml:84:13-64
service#com.example.yeo.practice.menu.Menu_detail_contents
ADDED from src\main\AndroidManifest.xml:87:9-90:39
	android:enabled
		ADDED from src\main\AndroidManifest.xml:89:13-35
	android:exported
		ADDED from src\main\AndroidManifest.xml:90:13-36
	android:name
		ADDED from src\main\AndroidManifest.xml:88:13-54
activity#com.example.yeo.practice.menu.Menu_abbreviation
ADDED from src\main\AndroidManifest.xml:92:9-60
	android:name
		ADDED from src\main\AndroidManifest.xml:92:19-57
activity#com.example.yeo.practice.menu.Menu_letter
ADDED from src\main\AndroidManifest.xml:93:9-54
	android:name
		ADDED from src\main\AndroidManifest.xml:93:19-51
activity#com.example.yeo.practice.menu.Menu_word
ADDED from src\main\AndroidManifest.xml:94:9-52
	android:name
		ADDED from src\main\AndroidManifest.xml:94:19-49
activity#com.example.yeo.practice.Display_Practice.Braille_long_practice
ADDED from src\main\AndroidManifest.xml:95:9-76
	android:name
		ADDED from src\main\AndroidManifest.xml:95:19-73
service#com.example.yeo.practice.master_practice.Letter_service
ADDED from src\main\AndroidManifest.xml:97:9-100:39
	android:enabled
		ADDED from src\main\AndroidManifest.xml:99:13-35
	android:exported
		ADDED from src\main\AndroidManifest.xml:100:13-36
	android:name
		ADDED from src\main\AndroidManifest.xml:98:13-59
service#com.example.yeo.practice.master_practice.Word_service
ADDED from src\main\AndroidManifest.xml:101:9-104:39
	android:enabled
		ADDED from src\main\AndroidManifest.xml:103:13-35
	android:exported
		ADDED from src\main\AndroidManifest.xml:104:13-36
	android:name
		ADDED from src\main\AndroidManifest.xml:102:13-57
service#com.example.yeo.practice.menu.Menu_master_service
ADDED from src\main\AndroidManifest.xml:105:9-108:39
	android:enabled
		ADDED from src\main\AndroidManifest.xml:107:13-35
	android:exported
		ADDED from src\main\AndroidManifest.xml:108:13-36
	android:name
		ADDED from src\main\AndroidManifest.xml:106:13-53
activity#com.example.yeo.practice.menu.Menu_quiz_initial
ADDED from src\main\AndroidManifest.xml:110:9-60
	android:name
		ADDED from src\main\AndroidManifest.xml:110:19-57
activity#com.example.yeo.practice.menu.Menu_quiz_vowel
ADDED from src\main\AndroidManifest.xml:111:9-58
	android:name
		ADDED from src\main\AndroidManifest.xml:111:19-55
activity#com.example.yeo.practice.menu.Menu_quiz_final
ADDED from src\main\AndroidManifest.xml:112:9-58
	android:name
		ADDED from src\main\AndroidManifest.xml:112:19-55
activity#com.example.yeo.practice.menu.Menu_quiz_number
ADDED from src\main\AndroidManifest.xml:113:9-59
	android:name
		ADDED from src\main\AndroidManifest.xml:113:19-56
activity#com.example.yeo.practice.menu.Menu_quiz_alphabet
ADDED from src\main\AndroidManifest.xml:114:9-61
	android:name
		ADDED from src\main\AndroidManifest.xml:114:19-58
activity#com.example.yeo.practice.menu.Menu_quiz_sentence
ADDED from src\main\AndroidManifest.xml:115:9-61
	android:name
		ADDED from src\main\AndroidManifest.xml:115:19-58
activity#com.example.yeo.practice.menu.Menu_quiz_abbreviation
ADDED from src\main\AndroidManifest.xml:116:9-65
	android:name
		ADDED from src\main\AndroidManifest.xml:116:19-62
activity#com.example.yeo.practice.menu.Menu_quiz_letter
ADDED from src\main\AndroidManifest.xml:117:9-59
	android:name
		ADDED from src\main\AndroidManifest.xml:117:19-56
activity#com.example.yeo.practice.menu.Menu_quiz_word
ADDED from src\main\AndroidManifest.xml:118:9-57
	android:name
		ADDED from src\main\AndroidManifest.xml:118:19-54
activity#com.example.yeo.practice.Display_Practice.Quiz_Braille_short_practice
ADDED from src\main\AndroidManifest.xml:119:9-82
	android:name
		ADDED from src\main\AndroidManifest.xml:119:19-79
activity#com.example.yeo.practice.Display_Practice.Quiz_Braille_long_practice
ADDED from src\main\AndroidManifest.xml:121:9-81
	android:name
		ADDED from src\main\AndroidManifest.xml:121:19-78
service#com.example.yeo.practice.quiz.quiz_initial_service
ADDED from src\main\AndroidManifest.xml:123:9-126:39
	android:enabled
		ADDED from src\main\AndroidManifest.xml:125:13-35
	android:exported
		ADDED from src\main\AndroidManifest.xml:126:13-36
	android:name
		ADDED from src\main\AndroidManifest.xml:124:13-54
service#com.example.yeo.practice.quiz.quiz_vowel_service
ADDED from src\main\AndroidManifest.xml:127:9-130:39
	android:enabled
		ADDED from src\main\AndroidManifest.xml:129:13-35
	android:exported
		ADDED from src\main\AndroidManifest.xml:130:13-36
	android:name
		ADDED from src\main\AndroidManifest.xml:128:13-52
service#com.example.yeo.practice.quiz.quiz_final_service
ADDED from src\main\AndroidManifest.xml:131:9-134:39
	android:enabled
		ADDED from src\main\AndroidManifest.xml:133:13-35
	android:exported
		ADDED from src\main\AndroidManifest.xml:134:13-36
	android:name
		ADDED from src\main\AndroidManifest.xml:132:13-52
service#com.example.yeo.practice.quiz.quiz_number_service
ADDED from src\main\AndroidManifest.xml:135:9-138:39
	android:enabled
		ADDED from src\main\AndroidManifest.xml:137:13-35
	android:exported
		ADDED from src\main\AndroidManifest.xml:138:13-36
	android:name
		ADDED from src\main\AndroidManifest.xml:136:13-53
service#com.example.yeo.practice.quiz.quiz_alphabet_service
ADDED from src\main\AndroidManifest.xml:139:9-142:39
	android:enabled
		ADDED from src\main\AndroidManifest.xml:141:13-35
	android:exported
		ADDED from src\main\AndroidManifest.xml:142:13-36
	android:name
		ADDED from src\main\AndroidManifest.xml:140:13-55
service#com.example.yeo.practice.menu.quiz_menu_service
ADDED from src\main\AndroidManifest.xml:143:9-146:39
	android:enabled
		ADDED from src\main\AndroidManifest.xml:145:13-35
	android:exported
		ADDED from src\main\AndroidManifest.xml:146:13-36
	android:name
		ADDED from src\main\AndroidManifest.xml:144:13-51
service#com.example.yeo.practice.quiz.quiz_sentence_service
ADDED from src\main\AndroidManifest.xml:147:9-150:39
	android:enabled
		ADDED from src\main\AndroidManifest.xml:149:13-35
	android:exported
		ADDED from src\main\AndroidManifest.xml:150:13-36
	android:name
		ADDED from src\main\AndroidManifest.xml:148:13-55
service#com.example.yeo.practice.quiz.quiz_abbreviation_service
ADDED from src\main\AndroidManifest.xml:151:9-154:39
	android:enabled
		ADDED from src\main\AndroidManifest.xml:153:13-35
	android:exported
		ADDED from src\main\AndroidManifest.xml:154:13-36
	android:name
		ADDED from src\main\AndroidManifest.xml:152:13-59
activity#com.example.yeo.practice.tutorial.Tutorial
ADDED from src\main\AndroidManifest.xml:157:9-55
	android:name
		ADDED from src\main\AndroidManifest.xml:157:19-52
service#com.example.yeo.practice.tutorial.Tutorial_service
ADDED from src\main\AndroidManifest.xml:159:9-162:39
	android:enabled
		ADDED from src\main\AndroidManifest.xml:161:13-35
	android:exported
		ADDED from src\main\AndroidManifest.xml:162:13-36
	android:name
		ADDED from src\main\AndroidManifest.xml:160:13-54
activity#com.example.yeo.practice.tutorial.Tutorial_tutorial
ADDED from src\main\AndroidManifest.xml:164:9-64
	android:name
		ADDED from src\main\AndroidManifest.xml:164:19-61
activity#com.example.yeo.practice.tutorial.Tutorial_basic_practice
ADDED from src\main\AndroidManifest.xml:165:9-70
	android:name
		ADDED from src\main\AndroidManifest.xml:165:19-67
activity#com.example.yeo.practice.tutorial.Tutorial_master_practice
ADDED from src\main\AndroidManifest.xml:166:9-71
	android:name
		ADDED from src\main\AndroidManifest.xml:166:19-68
activity#com.example.yeo.practice.tutorial.Tutorial_quiz
ADDED from src\main\AndroidManifest.xml:167:9-60
	android:name
		ADDED from src\main\AndroidManifest.xml:167:19-57
activity#com.example.yeo.practice.tutorial.Tutorial_basic_init
ADDED from src\main\AndroidManifest.xml:168:9-66
	android:name
		ADDED from src\main\AndroidManifest.xml:168:19-63
activity#com.example.yeo.practice.tutorial.Tutorial_basic_vowel
ADDED from src\main\AndroidManifest.xml:169:9-67
	android:name
		ADDED from src\main\AndroidManifest.xml:169:19-64
activity#com.example.yeo.practice.tutorial.Tutorial_basic_final
ADDED from src\main\AndroidManifest.xml:170:9-67
	android:name
		ADDED from src\main\AndroidManifest.xml:170:19-64
activity#com.example.yeo.practice.tutorial.Tutorial_basic_number
ADDED from src\main\AndroidManifest.xml:171:9-68
	android:name
		ADDED from src\main\AndroidManifest.xml:171:19-65
activity#com.example.yeo.practice.tutorial.Tutorial_basic_english
ADDED from src\main\AndroidManifest.xml:172:9-69
	android:name
		ADDED from src\main\AndroidManifest.xml:172:19-66
activity#com.example.yeo.practice.tutorial.Tutorial_basic_sentence
ADDED from src\main\AndroidManifest.xml:173:9-70
	android:name
		ADDED from src\main\AndroidManifest.xml:173:19-67
activity#com.example.yeo.practice.tutorial.Tutorial_basic_abbreviation
ADDED from src\main\AndroidManifest.xml:174:9-74
	android:name
		ADDED from src\main\AndroidManifest.xml:174:19-71
activity#com.example.yeo.practice.tutorial.Tutorial_dot_practice
ADDED from src\main\AndroidManifest.xml:175:9-68
	android:name
		ADDED from src\main\AndroidManifest.xml:175:19-65
activity#com.example.yeo.practice.tutorial.Tutorial_dot_lecture
ADDED from src\main\AndroidManifest.xml:176:9-67
	android:name
		ADDED from src\main\AndroidManifest.xml:176:19-64
service#com.example.yeo.practice.quiz.quiz_service
ADDED from src\main\AndroidManifest.xml:178:9-181:39
	android:enabled
		ADDED from src\main\AndroidManifest.xml:180:13-35
	android:exported
		ADDED from src\main\AndroidManifest.xml:181:13-36
	android:name
		ADDED from src\main\AndroidManifest.xml:179:13-46
service#com.example.yeo.practice.quiz.score_service
ADDED from src\main\AndroidManifest.xml:182:9-185:39
	android:enabled
		ADDED from src\main\AndroidManifest.xml:184:13-35
	android:exported
		ADDED from src\main\AndroidManifest.xml:185:13-36
	android:name
		ADDED from src\main\AndroidManifest.xml:183:13-47
activity#com.example.yeo.practice.quiz.quiz_manual
ADDED from src\main\AndroidManifest.xml:187:9-54
	android:name
		ADDED from src\main\AndroidManifest.xml:187:19-51
activity#com.example.yeo.practice.quiz.quiz_score
ADDED from src\main\AndroidManifest.xml:188:9-53
	android:name
		ADDED from src\main\AndroidManifest.xml:188:19-50
uses-sdk
INJECTED from src\main\AndroidManifest.xml reason: use-sdk injection requested
MERGED from [com.android.support:appcompat-v7:24.0.0-alpha1] AndroidManifest.xml:21:5-23:78
MERGED from [com.android.support:support-vector-drawable:24.0.0-alpha1] AndroidManifest.xml:21:5-43
MERGED from [com.android.support:support-v4:24.0.0-alpha1] AndroidManifest.xml:20:5-43
MERGED from [com.android.support:animated-vector-drawable:24.0.0-alpha1] AndroidManifest.xml:20:5-44
	tools:overrideLibrary
		ADDED from [com.android.support:appcompat-v7:24.0.0-alpha1] AndroidManifest.xml:23:9-75
	android:targetSdkVersion
		INJECTED from src\main\AndroidManifest.xml
		INJECTED from src\main\AndroidManifest.xml
	android:minSdkVersion
		INJECTED from src\main\AndroidManifest.xml
		INJECTED from src\main\AndroidManifest.xml